29 167 108 0 210 203 193 107 263 261 63 166 188 39 40 185 121 195 89 76 25 35 115 67 145 155 154 270 293 257 
27 168 216 88 249 159 136 227 125 200 232 224 174 239 295 109 22 73 48 101 16 266 280 71 97 240 84 169 
25 34 180 72 75 276 56 273 57 156 284 204 82 50 114 90 118 291 20 98 142 215 256 49 132 183 
25 54 80 62 58 144 187 285 129 91 128 222 244 86 236 197 237 70 81 219 205 43 126 135 247 151 
27 99 116 103 161 260 225 38 113 21 172 28 254 146 191 61 160 42 235 139 255 31 265 176 47 143 94 175 
27 184 87 8 4 286 246 220 137 218 15 226 281 102 202 158 170 23 6 119 250 51 242 30 69 1 211 2 
25 275 296 148 150 105 44 79 53 213 241 268 207 269 147 93 283 181 289 223 228 229 37 189 173 274 
26 110 41 212 299 294 171 74 60 245 230 29 122 214 258 117 190 83 287 55 152 231 194 279 178 52 208 
25 164 85 134 24 13 19 198 18 32 277 14 282 209 140 131 124 238 264 78 17 297 186 123 77 165 
23 7 162 92 259 95 290 96 64 217 157 3 177 45 5 138 292 112 120 262 153 278 149 130 
18 133 127 267 243 68 26 111 253 27 271 199 248 201 10 106 251 46 9 
15 298 11 163 182 104 12 66 192 141 196 59 100 252 288 233 
2 272 206 
0 
0 
0 
0 
0 
0 
0 
0 
0 
0 
0 
0 
0 
0 
0 
0 
0 
0 
0 
0 
0 
0 
0 
0 
0 
0 
0 
0 
0 
0 
0 
0 
0 
0 
0 
0 
0 
0 
0 
0 
0 
0 
0 
0 
0 
0 
0 
0 
0 
0 
0 
0 
0 
0 
0 
0 
0 
0 
0 
0 
0 
0 
0 
0 
0 
0 
0 
0 
0 
0 
0 
0 
0 
0 
0 
0 
0 
0 
0 
0 
0 
0 
0 
0 
0 
0 
0 
