12 8890 1879 7680 4915 7511 1940 2149 4434 5927 9427 5773 1713 
25 303 4679 9127 5304 5998 3885 7614 5464 6268 9335 7220 5909 9479 1765 6034 2043 6852 8479 5128 2833 2637 9214 3734 2922 7133 
10 9913 211 986 7118 1527 241 8782 1067 8397 7059 
14 1178 7186 9705 6182 6026 3675 9406 6689 2787 8739 6839 1980 3524 5226 
12 4839 1335 1138 8630 6807 8271 700 7475 7227 3023 51 1599 
30 3156 3580 1815 1492 1438 3572 4833 8382 4665 7585 6831 3051 7020 8379 908 2198 4221 3354 178 4299 8248 1063 4543 866 6773 6577 1748 631 1366 9067 
27 4094 5497 445 2949 5299 9550 6582 2937 8193 4443 6925 9867 2590 5639 5145 2562 4294 628 331 4422 1648 2218 6878 5673 6194 5363 9885 
11 3654 6910 250 3704 5614 7062 6369 2708 5681 3577 7482 
20 1992 4435 1664 666 2061 8272 409 3173 3667 5083 2640 7420 3639 4461 1413 8845 9551 6696 4844 9601 
26 4829 6023 9952 9546 846 7203 3722 3686 1057 5632 5042 2688 6478 3191 6103 4262 6619 9502 4226 2458 9446 7981 4896 8076 1894 6019 
14 8703 8578 6101 1257 9830 5996 1729 5161 1922 6306 4458 6187 9331 7771 
18 4059 8292 9084 2576 7293 2920 9698 769 7229 6269 3410 271 7465 9137 41 4706 7114 7948 
10 7318 9121 636 3163 5914 3330 5401 3687 6154 3569 
27 4377 7429 606 3444 9888 6135 1305 9393 9852 7657 3972 1267 6645 4969 550 6455 4654 3123 7278 396 9355 9963 4276 4359 387 7542 7362 
6 7913 7444 7153 6726 5725 2445 
3 7952 2418 1546 
20 2384 5858 8446 9237 4871 7865 4903 767 5085 276 5947 3379 5740 3095 8919 7803 8515 1764 7954 3886 
32 5018 1209 9675 920 7070 3236 4894 8587 1593 3197 6466 2357 502 1735 9402 2907 1415 1518 8932 4623 1629 3328 2205 5810 1464 806 890 413 2518 5762 7095 3028 
31 2296 8518 268 3457 9020 5445 8509 6412 1313 1503 6438 8989 5189 2036 3875 7569 4481 5182 7172 8715 6574 5124 2977 5221 1130 3075 1482 258 3641 3890 1680 
18 1993 8773 5815 4318 5583 9734 7741 9539 3841 567 6075 7280 9715 5767 6973 679 6158 5661 
11 7468 7194 1310 7868 9081 8776 363 776 3581 1484 6600 
19 190 4379 563 6662 601 293 3459 2017 7749 3757 7550 9113 9235 1122 7030 5288 3385 613 9569 
5 1978 8227 984 6146 3705 
24 7399 5192 6783 8711 7574 5201 9141 9871 3433 7205 2311 1457 8504 4590 4535 7107 3004 6543 3304 559 3724 8255 1865 9922 
18 3527 84 7640 6039 4965 7663 4942 7363 2856 7047 6679 9973 9624 5897 7530 7624 8084 6417 
21 1528 7320 6901 5113 8329 6456 9851 7911 7314 7355 25 4055 4552 9946 7885 6684 9248 9746 1654 488 7042 
18 3743 2432 6654 6115 3253 3988 6110 88 9976 8448 394 8071 1 1152 3658 4188 5118 8885 
21 4214 677 6252 4615 3640 2355 7513 1628 6332 8656 8105 1640 2484 8668 8651 9379 5251 6028 5839 5728 9999 
6 311 206 3358 8663 2976 8276 
16 3607 719 5426 4546 5743 35 624 8121 6608 8922 2997 3506 8764 6328 6130 1140 
23 6694 3471 2106 6794 1315 1066 3333 6913 1228 4630 2426 8520 7984 1037 350 8536 555 6468 3280 8417 3039 1698 5599 
20 6150 8149 4309 1543 9544 7198 825 3129 7710 2963 8462 95 3270 9737 4869 9433 1324 7707 3262 5968 
22 945 9216 8024 8204 5424 530 7553 627 2297 6793 5255 2646 7497 9772 1278 7412 7400 1607 4418 9413 8641 2880 
32 4885 7862 2507 3294 7685 9707 6199 3196 7129 1883 2464 8376 6580 2802 5710 2 9023 4441 1502 8926 9420 4198 1959 5739 3960 5276 5789 6635 9596 1118 9099 7105 
10 6403 5615 1170 1349 5477 4913 3430 2126 7148 5903 
26 9581 9523 4184 1874 3468 8979 8652 3453 6519 7525 4944 3731 9510 6054 4851 2068 5097 8051 4454 8060 9807 736 5436 8405 4281 6524 
12 6780 7013 7762 5360 1012 2740 3968 4351 4960 1401 2282 835 
30 3257 7957 2917 157 2356 1888 9254 975 1240 4659 3632 3066 5809 9897 6029 5043 9033 6567 6131 6556 3212 4084 6363 1678 6092 3600 3998 4236 2795 3084 
13 5693 8978 9935 5744 222 2571 7716 2767 7170 7084 4267 9676 4779 
16 7325 7962 2062 7090 8643 5793 5164 5770 7583 7336 5242 7896 3943 4479 5735 1939 
25 1867 5890 8965 8485 2622 5256 194 6085 2602 7699 9583 1162 121 9261 2705 3554 9105 8015 4620 7845 7776 1312 4295 6294 5454 
13 6044 2147 8175 8670 7671 3917 201 1812 1487 781 132 5633 616 
21 1192 7691 2397 4667 9950 5451 232 3893 9962 1945 4625 9440 3916 6640 7127 9280 4864 9590 2342 3733 3931 
19 297 9901 3055 3951 768 6740 3311 2717 5352 5194 5231 4912 8600 4647 2807 7584 5204 5705 7182 
15 3329 5649 6575 1835 6745 9839 8494 8399 9678 5966 7786 5585 8929 2693 7751 
16 6656 4687 585 9864 4017 499 7071 7740 2317 5385 6015 3040 7184 6789 3505 8633 
20 5991 1186 3648 2634 9652 2156 6370 1458 2350 5315 3598 4738 2367 3186 1044 2080 7034 7300 5202 8939 
26 2774 1273 6404 6952 7329 1757 9805 277 3817 6202 8290 8038 4344 6155 2142 4899 1684 7367 2186 9802 4946 7514 3192 3327 366 1131 
19 9627 9267 4414 6765 1447 7928 1515 7346 9070 9328 6977 2944 7139 1606 2369 1351 8999 1295 7753 
15 9305 4637 1635 5358 3869 9768 3017 4071 5387 856 1311 2585 1109 6956 476 
15 2519 9412 6457 3549 5517 6321 6274 6962 6841 2779 4134 6943 7718 7758 5311 
15 6724 5332 3840 9325 6119 3795 1215 9845 7931 918 8682 5444 7295 8862 4374 
9 4437 61 9514 2176 3752 5200 80 8565 2620 
21 3371 400 9401 2135 5510 7249 5090 8133 6206 4494 9207 5970 5371 2533 9518 7905 1337 6070 8724 8202 8971 
20 2735 3103 273 8351 6912 5628 2681 4352 6980 9062 3918 8977 5327 2733 2624 4287 1846 2286 1928 5404 
18 19 4948 8342 8736 3147 7534 1711 687 7817 2472 2801 912 6936 2656 5033 5095 7402 432 
21 2788 6547 3024 9691 3025 4848 4225 7430 1206 2439 2272 3493 561 8244 1885 7532 9028 4380 2161 4408 3288 
11 8967 9392 1181 4932 6801 6668 7780 3143 9840 4697 9960 
10 4080 6735 4349 7804 1325 4343 50 1032 5281 7519 
11 5227 6822 6916 2718 9579 6055 1166 1544 9895 3787 247 
24 4761 9003 961 2531 3168 8557 7975 5402 4742 6711 109 7464 5103 8011 6506 6095 8186 6588 1616 755 9220 3872 3099 9243 
17 6069 6296 7104 117 6875 2166 3005 565 1002 1861 2913 4835 7177 2309 2438 4322 1626 
7 9927 1999 27 3429 2428 8969 8253 
19 8758 610 1995 8787 3849 7612 1146 9933 509 5165 6754 6666 3942 1287 6592 4518 5613 3408 4432 
11 6304 8699 4467 9289 313 475 2429 5243 3271 8493 6591 
17 200 7965 533 7993 6228 3200 5721 7956 5771 1430 1721 7873 5486 4291 716 5525 1855 
29 474 1830 1269 5440 9965 3855 4153 3958 1557 159 5678 2639 5237 3092 8259 3487 3748 6648 2990 2040 4398 2012 373 7449 9091 7012 7880 9301 3507 
31 4733 2123 6265 9996 8406 6695 4307 8370 2316 8085 4421 9511 6537 6634 8766 3370 1348 5442 402 1199 7277 9268 4710 8961 6383 4505 5365 9660 1007 4510 8441 
18 3739 6410 7357 1200 6053 4648 2883 950 6141 1601 6767 832 4245 7334 272 9554 90 2887 
12 4984 3603 2015 4355 2020 7613 6725 9365 7955 9955 3929 4923 
14 5205 6418 3067 2986 7141 9459 1582 7717 6876 110 3214 2219 9898 9336 
28 483 7557 1372 8146 2056 5282 9974 2465 1512 6222 6012 3775 9631 4058 8492 8691 4336 4775 9594 7018 6658 2222 1334 4669 8580 1927 2155 3014 
16 5049 6239 4020 1609 6710 6031 867 7210 6755 8886 5206 2825 9177 6046 5505 9721 
18 6189 734 9757 3375 2934 7230 3693 9011 64 6316 310 5197 8790 6779 6401 4448 3255 9484 
13 497 328 2278 9625 8803 2783 6139 6123 1984 5089 3112 2293 5091 
37 8832 4112 2436 2603 3758 9314 9347 5727 3616 2838 187 2973 6216 2904 4063 7456 4705 6512 4624 8688 4289 6629 9233 514 9835 3511 6915 4550 9122 9516 5328 7859 7518 1011 1643 3464 868 
24 4935 2784 854 5856 6424 3445 7319 6293 9702 7380 2589 4232 2996 2921 946 814 7858 4076 3037 2378 7386 2747 4728 6995 
34 5668 3546 32 2720 6607 672 7768 423 3544 3090 5087 9104 1910 6893 7903 355 5172 3451 5093 104 7081 2414 6719 114 6254 7331 5691 7495 5447 9978 6627 8183 5117 5296 
10 8792 4693 306 367 434 2336 9966 5325 9700 7625 
12 8262 5086 3281 2538 8559 1674 5983 5062 9147 188 7831 8838 
20 8484 5887 7499 3608 3149 6799 9681 5700 9225 3650 1737 8742 9047 9826 1329 3400 2475 3383 421 1185 
10 4980 6879 9619 6340 3773 3793 9019 5634 1772 6665 
25 9349 568 169 5324 896 9282 1511 3105 5636 9738 7792 2393 4832 3117 4830 6382 7491 6100 9342 2811 7218 6881 3387 1249 1052 
5 8784 3647 8950 9939 7061 
7 8203 6004 4794 3321 9366 3900 7621 
24 4455 8435 519 3555 9306 3540 9670 5235 489 4171 3541 9680 5507 9505 6523 5279 724 2525 2665 1532 5307 5997 4110 9515 
20 7677 4910 9869 5654 9164 4717 5250 8951 4802 7259 929 3953 5374 7262 9173 9157 1792 637 7408 6520 
21 1097 6003 7088 3821 3708 6855 6996 4824 6083 7178 7908 3674 3102 2647 2985 5972 9200 7781 8168 5148 3611 
17 7373 7471 119 9078 7575 7732 870 6692 356 5061 2063 528 752 4945 7974 7828 7700 
14 3692 8104 5948 6220 6706 3245 1465 1866 8588 8566 372 493 8373 9954 
16 1090 6922 2060 6849 4507 1803 2031 2033 9247 7273 9991 8627 2215 745 9149 3638 
13 4428 9274 7196 3830 6327 9733 8236 3068 3513 6843 5554 1376 5891 
23 2566 8489 4601 3411 1054 8586 3188 1869 4842 892 7451 9249 4527 1583 4596 2066 308 2871 9643 2827 3853 1974 6477 
27 6804 6048 6361 24 5751 3398 5716 8219 6307 6536 9890 3622 9497 415 9054 3970 7679 6953 3137 7727 6945 6231 1362 5750 4151 4079 8278 
24 2026 8102 9549 3426 2512 378 2651 8671 718 9761 8956 6067 4495 2710 8160 5050 5635 1651 1058 2945 3195 8144 8005 240 
5 4411 5934 3966 1676 1817 
19 7190 4346 4502 5598 8086 8310 376 6160 3362 2209 5154 4016 3678 5925 4856 6207 7719 8508 1961 
20 549 9925 2110 9303 7763 9574 7446 7528 2368 3401 8428 3680 5943 2405 8829 6118 8141 4118 4492 1293 
26 9559 9411 8675 6851 8158 8878 661 6279 7463 5082 3845 5748 6513 786 9902 8662 9593 8136 2295 7523 3707 8474 547 4765 6499 8825 
26 6076 5335 513 3976 57 2881 3442 3655 6647 881 7870 6059 9469 10 907 3182 5180 2761 4253 4431 9223 1442 5257 6959 3662 3812 
30 3564 8059 9042 2941 8458 3891 2112 1530 8302 6965 2551 5289 6218 2444 5214 9195 9194 2468 4163 3299 2712 2263 3293 115 1049 5209 1895 1462 5119 1633 
11 3208 5025 7934 3381 5782 5405 6832 9611 5222 1668 4471 
18 5719 1363 9806 5601 4661 4914 7109 6873 991 1421 8390 9240 5450 8270 6542 255 8561 1356 
16 375 656 3148 6786 9626 4028 8112 6502 2520 6718 3578 4934 7545 2394 1427 7937 
20 4194 7243 7759 6338 4233 225 3170 2828 5406 7438 5295 8464 1381 5141 2962 6088 9241 6637 5002 6976 
26 417 5717 2999 7347 5359 6333 2115 7724 7197 9075 4250 6205 256 827 520 1053 6235 1039 7529 8871 3142 3399 2125 9371 2608 1562 
29 823 8642 8055 7253 6430 4511 8708 6381 9563 1480 5907 338 575 680 9928 8813 8254 8660 2636 6683 6797 8743 8380 3995 9307 2094 8863 1952 8331 
9 2559 3786 3605 7692 6024 1773 1111 8184 5513 
29 1986 9654 1845 7116 956 2742 8128 2696 4536 4973 9199 507 8179 9710 2539 2164 826 689 1896 4044 8542 8687 9853 6778 6604 4368 9142 9470 4325 
6 8728 1794 8614 3030 8088 7678 
25 4048 8449 8167 9071 3325 9712 4147 2791 6563 4930 5565 3919 4847 7923 1769 46 1943 2575 317 5413 9010 7315 9115 2490 8740 
33 4056 2536 1613 726 4228 2869 284 7572 7442 7494 6409 9526 4206 9645 1123 6062 1733 2596 3211 2111 9416 127 7155 4627 4917 8092 597 9434 6107 5098 3059 5274 2953 
20 6402 208 6244 9202 1625 7406 7690 1908 3816 166 6186 2706 3394 4196 3466 3292 6565 5094 1061 3749 
27 8868 8795 4815 2578 6570 4657 511 9503 1189 992 7445 9151 5017 7341 8426 8960 1907 2407 1065 4409 1298 3296 8478 1703 5490 3265 2940 
28 8856 5955 7884 7428 7554 5381 2511 3557 381 439 849 8521 4404 9022 2077 9026 1779 6800 8228 8471 5763 8064 4465 2612 4564 6895 82 9614 
8 8306 9044 3071 5239 7484 1919 7221 3620 
28 8190 4704 5516 9068 9090 1323 3176 1386 8118 6098 8021 4872 9421 7287 5579 4394 2938 2745 8181 7637 5171 7003 517 8153 8974 9266 879 8430 
7 6399 210 775 1565 4836 6639 3202 
18 8555 9166 3364 9140 1384 921 4090 156 5868 1105 1814 5039 1759 1183 259 6334 3642 8119 
21 9466 1319 5766 2912 9495 6729 9684 5380 5393 3038 3946 6970 7353 824 6336 6320 2379 9040 8946 6482 3850 
19 4826 2695 6132 2751 8713 6198 5212 2320 5829 2942 318 7960 4810 1763 5581 3485 3703 2019 2200 
29 4450 3047 7994 9846 753 9464 7171 615 1079 6485 2313 8243 3203 8075 1994 66 8225 1693 8326 8564 7510 7711 9295 9170 2965 642 8369 2728 807 
28 1040 7188 8191 3778 1346 3629 8155 4255 9156 1580 4652 674 1963 2715 8438 7360 2732 3912 1856 600 1411 9667 1292 3769 6992 5923 274 6060 
26 3697 2217 2981 6971 9087 3409 8378 92 1605 5853 4653 4068 3877 498 3905 7987 1724 6043 9907 5152 2860 1957 2946 2120 2698 1439 
26 2711 6942 4713 7134 7816 3585 1627 9345 6742 9291 9477 3249 1046 3396 2021 6475 6680 9408 9575 1382 5448 7835 6049 5912 7744 2836 
22 9763 8157 4115 4143 7477 6663 9226 9362 4939 541 4204 4388 9080 9363 6887 9356 5786 4172 9527 3932 4606 8215 
23 553 5234 3435 4021 9138 8425 9409 1777 830 69 3414 5967 9133 7117 6013 2782 122 886 2635 1937 4335 4477 9251 
11 7040 1422 7092 4475 9820 1100 9538 9819 5480 4476 1403 
9 4034 8962 7889 655 3729 3986 5158 967 1555 
27 8955 8445 5686 8367 1843 1441 300 1863 8786 4855 9744 2207 9180 5860 897 9263 7384 2129 8938 6883 6376 8851 3315 5917 31 262 1350 
29 4724 4882 8681 5218 5576 9610 3036 6188 7861 4207 419 9926 3530 8595 8368 280 3316 6713 5584 2178 7007 7564 5651 8807 9725 4619 8400 7694 3861 
32 6903 9255 1550 1475 629 9316 7864 9450 8338 8653 4208 5713 422 5866 146 7226 2885 6451 6066 8842 5041 8220 1432 1946 496 4086 7158 1026 6759 9787 6016 9831 
17 9134 5060 3276 7041 7709 942 6133 3167 4873 212 9947 8213 5899 9720 8506 3760 6644 
28 7174 2275 102 4525 2480 1010 100 435 853 9313 8840 2790 4821 2174 9457 3139 1224 2632 5106 9367 2065 771 8649 1904 4516 2974 3312 6441 
25 4410 7555 5920 7704 9561 554 1560 3029 9394 8945 5777 3798 5021 2653 5076 2451 7761 8475 2524 3831 8356 9076 9773 4401 7487 
24 1620 6541 4958 2006 2686 3138 772 2385 6618 7686 8731 2121 4029 9570 874 4482 569 5151 3260 2422 6535 9269 7978 1426 
20 6329 7263 7877 3057 1406 6172 8529 1227 873 9754 2406 162 5805 4061 7345 1506 1953 2347 1659 5555 
16 1784 6784 3239 2305 1135 4603 4800 8388 3610 2137 4182 6236 9521 75 257 1594 
24 5602 6924 4959 2675 6698 1970 6805 8040 462 3420 7693 1263 9165 691 2078 9784 3228 9948 4587 2558 4822 8010 9426 3341 
26 633 8274 9037 3833 8747 957 1326 29 2556 993 4843 3802 2319 6808 2214 3805 3881 9324 2721 8281 8860 6847 5368 7725 5720 6302 
16 8737 8412 842 8996 5746 3373 2605 7837 8686 8323 4520 9519 9509 2683 1570 6323 
24 8328 5287 2992 3990 4205 761 9109 3579 7988 4249 8263 7579 1604 5481 8465 6554 6972 7199 4508 8810 4230 8305 2259 7767 
35 1630 9685 1160 4586 4387 5034 4139 1494 4078 2577 5300 5695 560 6818 2663 1534 728 1201 456 7298 5027 8645 7333 4039 9704 2884 2150 4051 8828 6528 4976 2258 9591 9126 299 
22 4328 172 380 4088 8694 1864 3596 617 1968 5861 3531 2661 1220 2260 8806 3839 3989 1667 4264 4838 5318 3324 
15 3732 6809 7019 9452 3384 9557 3542 4544 6877 266 5711 4011 2469 7898 7938 
31 5245 2181 5285 4109 1113 5409 4895 7846 4327 2327 7193 6437 9813 3799 4718 5622 3136 8289 186 9001 7715 3582 5526 9911 6126 8391 4859 3094 7863 3010 5840 
23 4585 7398 6652 1529 9564 1862 1101 7364 494 4986 8693 1496 7778 2398 2052 6094 6951 426 3980 314 9958 8218 9600 
19 9035 2245 2072 6237 3334 4593 6058 583 6836 7576 7379 1004 3476 1307 3121 6744 451 9977 2764 
31 7097 6473 3190 2781 8892 4788 5465 4673 91 6746 1710 4866 2601 4170 5626 6008 7274 4734 8562 9453 3803 3815 2201 4618 981 2400 1728 2870 1849 6795 7175 
12 5012 3735 704 5437 1745 6526 2738 8309 2412 6184 9949 8330 
24 1221 6476 7246 3122 2143 1023 7929 4035 7829 8760 4060 5292 714 544 6938 2162 9689 5667 2083 4265 4680 2730 2905 9350 
21 9429 7207 444 3133 6393 922 1912 8198 3418 7915 9842 5193 1500 902 8207 2648 2600 1695 1533 4487 9693 
27 9473 248 7512 9286 5241 7162 9817 8882 5808 8698 2008 6984 833 2599 6601 8029 2642 3247 2918 4574 6728 1548 3486 21 1259 4320 3286 
27 8940 6739 9144 6649 8902 1833 6305 730 6630 4981 461 4119 1431 6442 1996 3930 3382 2778 6270 3726 9695 5509 264 221 4626 2819 5047 
22 2292 2673 8664 1208 4247 2453 6633 1942 6939 8970 4046 7217 7665 3570 5099 6928 8307 3597 1847 8151 6509 3478 
29 9751 3770 2919 6484 1755 9743 7211 5377 1697 4643 342 708 7208 2206 5514 5134 6737 8872 2037 7797 5013 1567 1675 5185 6301 420 8581 2926 1207 
22 1414 9449 8631 9128 8585 607 6159 5262 6764 4014 8903 847 2850 1499 2744 6303 7328 2616 1144 3336 9615 5819 
21 4767 8229 3779 4376 8801 6884 7535 8637 6677 8848 2216 7645 9632 4787 7684 3923 7818 3716 3415 4771 2202 
33 7434 5535 4875 7901 2108 8575 5069 6985 9341 4863 1272 1222 802 4302 3044 9283 3222 6816 9774 1756 8419 1516 1603 3177 8496 2757 9535 4312 2189 5736 3206 8526 9599 
28 4792 3477 175 7687 6173 7255 7224 7135 1491 348 8804 7548 9696 7156 779 4227 2900 9284 6602 5958 7417 7037 7425 5670 2582 8998 5623 5646 
5 7191 7561 9483 4764 9287 
20 8791 3790 5712 7891 3669 7457 799 5014 9657 6888 7344 1776 3767 8655 4668 3001 8455 6958 8299 9467 
7 1142 4887 4449 7689 6785 198 9520 
29 147 4807 9735 1407 6280 4709 8028 7595 7609 5417 7180 9694 9228 9556 7750 808 2668 7521 7435 7838 8678 4534 4126 1148 1841 5591 5806 9791 8618 
19 1944 9731 245 9002 3193 8035 2304 8785 1681 8148 1396 9687 6284 4342 8621 1068 8982 9451 3224 
12 8176 9364 2893 5783 5441 8394 5216 3355 2013 4927 7068 8048 
21 8023 2797 6966 713 4528 5679 816 7351 6829 696 717 7082 6352 5938 4797 7026 540 898 78 6351 5631 
35 9273 9992 8187 2240 4867 9679 7787 9617 9182 7448 141 4223 4537 1193 6757 2187 2829 292 7757 928 6738 518 2303 4565 7620 359 8068 7850 6140 2339 5768 7832 6151 8221 9711 
21 1725 5539 8629 1997 3146 2184 9262 4260 9265 9623 2107 4031 4756 4966 2641 5847 4154 1563 8623 9168 6350 
26 6248 3050 9613 7103 164 1369 3366 76 2543 4656 1637 15 5769 1524 9424 1316 586 2561 6225 7560 968 2433 625 2301 3535 9184 
20 2809 523 7493 2140 8444 4781 3651 5902 3807 6208 6902 4888 1211 8182 1716 7236 943 6384 343 6011 
14 6752 1589 1102 5213 4666 1553 4677 7048 2377 364 1129 6423 1128 2908 
19 9031 3721 3291 2930 7628 9595 8194 4854 5366 8339 8348 8418 4572 9041 3179 6760 9589 7126 7450 
17 2442 934 5263 1256 7309 6562 7840 6121 1564 1433 9981 9191 7043 8590 3573 5548 3936 
16 7323 5369 138 8346 2105 3615 7558 168 1884 9752 4282 2171 8767 3696 1744 2090 
14 9920 8042 8434 5881 665 5663 9370 5064 4664 6377 2583 705 401 784 
4 4485 4027 8605 229 
9 9065 7284 6749 3393 7234 9729 8573 7769 9377 
29 5425 9463 4200 1723 2952 9485 374 3205 4347 2982 5799 2523 8257 949 8189 8933 3738 154 3437 9161 7658 1440 6673 9783 3019 6057 3892 2858 3780 
22 1799 9030 1223 7366 2657 6842 2261 3859 2967 2074 741 377 5008 6874 6882 2854 1761 8245 45 9415 9646 2669 
26 649 3993 5553 6356 7232 7580 8876 3636 2250 9297 865 3072 9039 34 3575 5496 7443 4609 2003 4463 7721 4459 1696 36 7977 4671 
17 4877 4642 7941 1332 506 1176 8239 1568 599 39 8111 8815 5022 5989 1514 2113 6405 
28 6041 1660 3482 1194 6247 8869 6579 6967 7401 4605 2731 720 6413 5701 8833 5166 1450 7327 3331 8811 1850 8689 1112 9587 4745 8389 5676 5749 
8 3746 6596 9815 2954 7916 4796 7152 3656 
15 7120 8640 8774 5816 2867 1309 9769 196 1521 5888 5662 4772 2288 1225 667 
7 3157 5557 4072 2352 9513 6538 2573 
26 6969 2928 9836 9478 7372 1364 4907 8799 9238 6379 6825 8413 3691 5163 2495 6593 7113 3309 6097 8944 4963 6796 1859 6661 4506 1663 
23 2399 7119 7108 2366 5491 6450 4990 4045 8268 979 7543 260 7738 1911 2154 8383 6267 6406 4995 5131 5570 4069 7742 
10 9481 3904 9537 9628 4070 872 5342 6176 6229 3883 
34 1271 5901 1013 6168 2180 2975 6946 128 8062 5994 1752 8864 4602 780 6672 7912 3765 8659 6734 659 1145 2447 6171 7875 765 7247 3834 4814 4222 4161 5322 3113 6978 1472 
20 6657 4167 9576 3566 739 7808 4353 6125 8783 8072 2141 4285 5892 7453 2354 3715 9323 4311 4484 3402 
19 55 5070 8823 5400 2234 5466 4532 3646 2167 4113 9319 4104 5699 6642 6463 7359 9674 796 3741 
17 3826 354 9586 6670 3475 1634 1930 2402 2082 7701 5698 4493 5872 3714 3908 4845 5886 
12 7150 1644 1838 2748 7209 1595 6426 5433 4130 1250 1778 2486 
25 876 8915 2233 711 5757 2338 8667 6871 3104 852 5208 8615 8266 9292 3907 5559 6862 3808 5801 2387 6532 2743 9492 850 3367 
9 3230 3663 8505 1734 8719 7483 9755 594 2463 
23 7811 3425 1276 9038 1232 7342 6491 7381 1251 5160 2415 5954 4686 3232 3164 3736 3635 3568 1103 4500 4316 5900 7393 
13 3539 5382 7622 2667 3339 1853 9989 7541 8224 9221 8097 4751 1408 
29 2910 1897 2132 3073 8073 3220 8644 5306 7882 9912 7602 6550 3490 4879 9229 7322 4892 3361 6299 7067 6344 6671 6697 4438 1486 8488 246 4273 2152 
28 843 9045 6201 3584 501 3740 9192 6493 2548 98 9219 3326 8901 6200 9100 4159 2042 8018 215 1485 3874 4480 8757 4928 6217 4701 6616 4987 
5 7490 1399 9082 6251 3560 
26 5933 893 1774 5500 9276 9838 5764 2079 7515 7764 1412 9158 8984 3952 458 6398 9425 9799 841 2874 505 3659 4106 1069 6174 6090 
5 1689 6190 9346 1706 251 
21 3901 8816 6815 3623 6480 4644 3181 9179 2547 4617 800 6337 6038 9634 3499 5258 1811 3046 7427 7722 8304 
11 660 8395 8192 982 7075 3227 2692 7540 6585 5918 5370 
28 864 8486 1949 6392 4195 2235 3119 1685 8973 8420 3666 646 7794 4209 8547 4591 7407 2479 8817 9724 8937 7387 8208 940 6914 5302 4911 4140 
14 47 6587 9015 3469 3314 6987 7422 7010 9620 6762 7876 9487 5540 8563 
18 2467 7654 6615 3463 9046 2652 9847 6360 4111 193 403 8968 915 4272 1383 3627 1909 2300 
29 990 4331 6814 6850 4689 2737 5818 4066 7874 2972 8826 3160 671 2118 1738 4940 5838 6387 7737 1203 2834 9372 9732 3109 4019 4737 983 3455 4473 
23 3054 6571 1005 8447 8854 463 6864 4953 2324 5794 2315 2291 8510 9629 275 6415 2793 1989 8881 3516 3944 4015 3388 
19 1831 3403 1282 7383 5457 5756 3199 3169 9152 8539 1314 9983 6262 819 6427 158 3676 9048 6935 
16 4002 3866 2053 2173 1687 2741 1535 2340 9727 6435 8809 4067 4702 3098 9555 5476 
15 5885 2382 6498 1143 7245 1062 2935 2477 4884 2645 6297 2810 4639 1766 1114 
20 1800 3991 2270 5473 4749 2220 5620 7823 9543 1873 7415 6641 1771 7712 6909 4224 2857 5219 7990 8753 
24 7810 3510 7900 1299 4583 7078 697 6907 7799 9116 7920 4938 1024 4136 6042 3547 5343 7747 5589 9750 1379 8461 8454 6667 
23 3512 715 4150 93 9272 3921 5356 4128 3606 5001 6120 8768 8188 3865 5582 3689 558 9893 8780 2022 6621 8126 1813 
24 7316 3974 4141 9186 8953 2455 1353 482 2702 1493 862 217 6219 6578 7279 5349 5940 4447 3283 1901 2097 6981 1404 5629 
33 7647 5112 9641 7102 9139 6021 315 7843 65 4496 7080 6566 6885 5990 5009 6263 8246 8530 399 6824 5260 5261 9320 6047 2452 7777 829 386 341 7073 7244 7052 6817 
28 8477 4003 951 4558 320 8609 1489 8277 4720 3789 4819 5730 3811 3130 7414 22 7072 1461 9892 3392 228 7734 1296 3563 4517 5494 8554 1646 
22 935 5879 9418 7004 6078 2335 1592 183 686 7466 3763 2817 4053 1954 7852 3217 810 1925 783 9942 6522 1009 
18 9382 5837 9934 1655 7266 7267 8401 5971 6961 1104 7000 9475 987 2248 9330 8672 5605 6753 
29 8551 7065 5143 4636 448 1252 4594 6548 4300 6865 3753 2151 2835 2497 8550 8987 7145 453 9125 3079 1754 791 1025 5319 269 7131 3497 5607 532 
7 645 3267 3601 2927 5982 5621 5254 
21 8831 3925 4825 5566 4099 3377 8546 709 6529 6625 4426 5123 4770 2351 1717 4762 3308 5271 9762 30 6960 
20 1584 7064 254 9633 3947 4293 9187 8534 9171 7066 3685 4782 2383 5305 285 9884 2580 6385 9621 3491 
21 7045 4937 9671 2482 1700 4062 6515 9636 3782 3345 4890 8841 6826 4740 941 5 5469 3175 1262 441 2070 
25 457 8134 9823 9778 150 8620 3534 8830 216 4213 4024 1920 7551 3796 6167 6036 7775 1933 7454 1155 6555 4905 5876 7358 3069 
26 1177 6197 8007 8079 459 8827 4696 6848 6503 7567 751 3851 529 1294 7629 8796 3645 8316 8679 6108 1618 1234 9423 7032 5935 9770 
24 3065 4274 6474 9968 2390 8063 9160 3783 6921 6002 9436 8431 2299 8135 9348 4694 346 5421 4621 2789 6421 3234 4390 5460 
24 3424 6584 8952 5386 9270 1110 3317 8298 4365 4924 6597 3174 4405 3114 5498 4373 6892 3800 5703 4567 5831 7772 675 7053 
20 5995 9923 4703 3772 7779 1453 9321 9106 1871 4561 2076 1469 3145 1670 7056 4333 5644 5162 1149 1823 
15 1330 9640 8800 947 6165 6255 4117 2969 6896 9790 9508 4744 1844 7089 7093 
23 8261 2805 1443 4087 7650 4628 9209 7666 1041 2089 199 6367 9789 6138 5291 5391 2694 3888 9665 4065 6830 4971 9714 
11 8150 9376 3785 5709 5684 7301 5875 7110 3959 1139 587 
17 688 9246 2537 2568 8820 9397 5603 580 4006 2088 2655 9501 6732 4 8517 2886 8941 
29 3436 2898 9804 9987 2332 1047 6898 353 3710 1967 239 5803 1523 8591 7999 4776 3574 6156 7169 1918 2546 1117 7774 2877 8286 3604 5630 2069 2773 
20 6638 4555 7922 1587 527 1121 9052 9779 2989 7594 8020 916 2244 5569 6659 582 8285 1248 4690 9824 
26 2470 1081 6751 2799 3462 2000 8173 3108 9809 2649 2424 8502 8918 1048 6920 643 1352 924 3873 4259 801 5921 5403 4037 1807 7760 
16 477 9800 9190 8300 9264 8033 6122 8407 2758 5284 9767 2855 6827 3244 522 7623 
23 2729 5184 3278 6699 5689 4008 3009 3699 4515 1245 382 2128 4595 6736 7698 4362 6557 7582 8315 6791 8602 4808 1216 
18 6128 1387 5472 5308 3621 3077 3251 161 7077 618 6989 9810 3583 9881 1051 5562 4275 2032 
20 7894 2330 7085 2230 6000 8094 7847 9072 3754 4711 6196 1981 7636 1264 4947 2713 3894 4098 4655 5975 
20 3862 4758 9205 8009 8343 9859 4138 2461 4870 9456 7966 3096 5236 4952 5418 8735 1419 5057 9756 9005 
26 6261 7014 4499 6927 137 7140 9474 6900 1537 5523 5040 3751 5452 7006 2841 1017 3768 5951 4999 450 1739 8142 8110 4216 6177 5461 
21 3867 230 5957 663 3225 2714 1692 1031 1460 5708 889 7638 1434 6259 7500 8867 977 937 149 5811 1374 
11 4698 2375 5941 9722 6161 282 7176 7830 5658 9658 6544 
25 1345 5045 5394 1424 6420 2777 4396 2670 3340 622 4246 4279 2241 2395 4566 2771 5023 6975 9327 9701 4440 8027 9422 243 6610 
21 5238 4256 1470 7682 572 6983 3052 7662 7770 7296 133 2722 3992 1459 9833 5100 3183 8729 4956 8592 5147 
18 1513 8988 8548 8212 9649 9167 6771 5054 5593 744 3672 6407 8440 3924 7635 1368 4533 5742 
18 3338 5317 6833 1852 9462 3159 3625 8617 473 3879 8421 3489 8583 668 1541 7578 237 1998 
25 8237 6821 4270 4645 9000 1914 3443 8610 8981 9988 5188 8214 8814 9980 9114 365 4658 5101 9682 1985 2146 5379 8702 1793 8994 
28 1455 4784 4366 3461 7143 8798 2515 6722 3053 8990 1132 428 6708 1804 7958 9630 3368 1075 1656 167 6787 9905 9008 1133 4752 9827 1822 6768 
9 8099 9482 4050 4469 7630 4852 542 235 7025 
14 5351 7857 1902 9118 1030 2846 5495 1402 5976 9112 5240 742 7122 8139 
8 2979 9985 4957 2754 1639 683 2660 1722 
14 2776 8334 8843 1392 408 9566 1106 209 3537 7967 3709 2133 6295 9198 
29 6730 9410 3495 9405 6857 4125 7633 1355 965 1834 4384 1872 352 7668 7009 4258 6033 9378 7222 7674 227 1566 8240 9493 4785 6079 2595 2030 9606 
20 1796 9785 2159 4699 3454 5120 2626 4121 1281 8025 233 8821 7508 6747 1857 7254 2239 1463 3078 7909 
13 3216 405 1785 1078 7312 8993 8296 4806 8761 9651 3141 23 2376 
15 2247 1783 4523 6181 7791 3233 5690 1297 4663 8324 812 6716 5864 740 4588 
26 3295 7793 9388 1551 933 6674 1394 1198 7812 425 7440 2916 9496 4607 8628 1860 1746 97 1119 6622 5229 5346 1586 6358 4215 6113 
21 6982 9512 7164 9278 2959 970 6009 3016 85 4685 6930 6605 8599 9944 6353 4575 815 3481 8107 6460 2308 
26 2314 5913 1709 1791 3939 74 9666 9213 6425 7237 6020 4266 7501 4429 3101 9709 3496 6707 4238 261 1832 8495 1621 5893 9644 7713 
19 4406 5567 4834 249 9288 2386 7394 5780 412 9490 1650 8074 5648 9096 1818 7031 4672 8888 5412 
21 4248 5520 6772 1913 7282 4314 2614 8616 8745 8624 5340 9159 9795 1340 5210 1286 9828 8250 4096 1420 8422 
11 2039 938 2899 6703 8303 524 5706 7890 703 5642 1018 
23 6462 3083 7365 5503 1598 1768 5541 2284 2498 244 7807 639 6858 6163 252 1436 5844 1647 7648 3756 7507 125 2939 
29 3940 9395 6102 6345 6908 326 9103 2281 6213 857 3999 4906 7867 3307 2760 9930 3231 6292 2109 5574 5341 3649 5338 7644 4132 4684 8082 2454 8934 
27 7610 3717 1429 2228 3261 6319 8560 2348 5702 8273 6803 6741 774 5375 4970 2246 723 9337 931 7256 2630 470 4237 7337 7485 2294 2888 
25 9874 5849 4345 3565 2513 2684 7546 9886 7860 8995 173 4105 2431 6620 2557 1917 3374 2302 9529 1391 1490 18 1161 7670 4900 
10 3135 2231 4297 1339 9924 309 2057 8242 7022 1284 
20 7502 4317 6756 3938 3049 5704 7389 7631 1741 379 7125 8116 2527 8045 5759 2894 5392 1720 7946 8879 
14 9972 1218 7286 1842 4420 4840 487 105 1775 5079 9857 2514 1617 3870 
26 4857 8597 8101 7321 6298 5187 8855 9929 4489 4423 9224 5870 2762 1466 1955 8093 2213 7179 5919 3864 1983 7074 9808 5051 4813 6010 
18 3910 5169 5792 7627 7506 4093 7503 8437 8335 5992 334 3868 134 7409 2679 7888 7100 5659 
10 7392 3450 2153 3949 6558 8835 8991 6923 2736 6285 
27 5600 4043 4635 682 8143 6422 6414 4584 9136 2016 7933 5915 5031 2501 2179 3483 5656 7656 4569 9582 7452 891 2703 6394 7973 3298 9967 
12 4549 7361 1246 8917 6245 6366 2882 1597 9300 1504 6203 4329 
14 8793 2119 9298 6669 2323 4992 9407 4979 8410 9150 5674 6290 6116 6517 
28 9361 4714 4777 4921 658 2122 5962 6963 5367 9043 6331 223 1393 112 4712 6452 7531 6469 3209 3592 4562 404 3062 4598 5787 4541 3690 1615 
18 6025 3007 8545 4372 6897 3470 3124 2958 2212 7926 838 7294 2092 8456 6157 362 5058 1015 
26 202 5779 1747 3657 6164 370 1561 6678 8750 2116 332 2957 9837 6811 442 9092 2796 2753 5487 3352 7225 9373 3390 2182 1526 7459 
18 5692 871 3 2346 81 5479 5694 9107 7872 9900 38 7607 5594 3303 9343 5215 7079 7410 
20 8247 8291 3210 5167 2401 1357 6326 9832 8283 8601 2613 9252 7291 1600 7132 469 8765 2277 6315 2964 
25 7556 3556 6643 278 8748 8314 7370 83 1008 4173 4135 5862 2285 7661 5268 3006 5303 2381 7354 4146 9697 1014 4364 5666 7304 
15 1702 3961 9882 267 2505 9175 5537 1045 9548 8450 7802 6583 2654 4149 9049 
10 2831 5092 3439 1042 3776 3269 9333 2504 5981 1159 
5 732 596 1891 2591 7376 
11 7626 1050 545 8159 6806 2264 1266 4085 2680 1000 8722 
15 694 6378 3221 9917 4323 120 4358 9130 4369 1870 2682 433 3593 1275 4646 
24 8284 9821 2190 4876 1840 481 2924 1027 1365 5453 6560 1477 4893 7462 2047 8050 9605 7377 7469 2629 6844 9217 1576 2457 
26 9442 1750 4805 1921 1033 8103 8873 9718 516 997 1217 7587 883 1255 2552 1509 1235 5347 5610 6511 17 3074 2943 1820 9145 4022 
26 7250 9153 5006 9458 5835 7570 612 7397 996 8481 7562 8077 9101 2345 4988 5738 2931 5945 1749 1802 1877 8006 9369 5942 2010 6153 
17 4629 863 510 4736 4326 7588 4730 6682 5384 1321 5550 4442 9059 2929 3254 1158 2724 
26 7098 5140 3550 3360 3154 8909 9879 8200 8470 6312 7516 6932 552 512 6802 9578 8366 8914 5259 9218 4610 3106 6664 2064 8927 6063 
22 1098 1449 5959 699 1672 2084 1889 8293 9089 5032 4491 4801 9012 4395 6974 6581 3272 7431 8320 2725 1141 6889 
8 7504 2644 1471 9441 6283 290 7206 3246 
17 8161 385 6272 4682 8889 3266 813 1827 4828 5502 4989 3474 9183 3614 2131 4925 7992 
18 3416 6540 6068 7619 657 3843 7927 821 397 9357 8127 2279 5929 8571 5207 5657 7577 8226 
28 43 4356 7849 887 7285 6064 2765 3842 817 3319 5116 4219 485 4985 9816 7879 6609 9460 8241 785 6551 6017 2925 2195 9797 8522 5774 2983 
16 2374 9889 7101 7643 2254 9111 5906 8361 5827 7536 3747 9444 5878 6030 5904 9868 
25 5650 4092 3828 6324 5675 3494 8357 2359 3829 877 8720 6169 1886 8049 6134 1743 4190 8706 5378 8058 7596 4897 8409 9552 8154 
16 219 9547 9079 180 155 760 9018 6681 4004 3777 2994 5246 8341 8619 6545 5707 
25 1409 2048 7028 2892 7403 9102 9060 6375 1828 4789 5655 8650 1932 1428 6308 8081 9899 2572 3058 5722 2283 619 538 8083 7467 
25 8705 1320 7735 5715 9801 2662 543 9185 4608 782 7149 6940 3701 1371 2025 7971 1671 8692 4638 8537 8754 1096 8114 1623 6465 
28 4539 7418 578 8209 6357 9132 6238 1715 2236 4007 6061 2948 9975 2560 4486 5527 1184 9094 8985 3878 5468 2643 5073 9014 1467 8714 5474 181 
20 8788 5411 126 4880 5522 9941 3332 6813 9894 8819 6395 2792 9293 5249 8639 595 6614 7310 1095 3745 
17 1451 9055 8576 9866 1338 1474 8779 3395 1233 4786 2955 6149 8359 6743 9880 3794 6143 
23 6223 4804 5734 1965 214 6389 8896 4433 3682 1328 8976 5323 9299 4064 4074 8958 4148 985 2545 4688 4252 4926 3125 
17 7455 2875 3263 7474 8603 1168 4101 3973 4675 4739 7479 5724 5880 305 6089 4858 773 
16 693 5211 8233 6504 3827 9135 2861 8459 6215 7897 5298 5546 6899 9338 411 579 
19 2177 9419 2417 5952 5052 1163 283 3027 4415 7754 4743 4254 9562 3551 16 598 9129 4554 7681 
13 5080 1169 6859 7086 4941 5475 3165 5826 5645 4097 7591 6388 4108 
28 4878 4217 5611 4137 4850 1839 6777 7726 2274 8763 8297 9498 2360 1875 6655 3673 8883 6179 6081 8646 6820 8822 6720 5980 3844 6464 7526 9739 
18 608 9969 2362 3750 1947 5729 2780 8115 1154 537 6758 52 6380 7924 6471 5005 2901 2528 
11 7276 2768 3788 5301 521 7167 698 8512 7605 9234 1880 
22 5074 3498 9403 5519 1767 7231 5908 279 3432 1876 3532 1686 7498 2476 2018 6636 9858 7470 4466 9585 1736 8895 
16 4439 9322 6243 3342 6904 5309 4497 6863 7272 839 9706 2541 7660 5930 9616 7688 
26 4100 4038 5530 894 5619 3213 7021 6362 7683 621 2960 4798 3116 6552 1591 2584 4954 9863 3282 1719 28 9998 9358 6249 571 2326 
28 130 4452 1810 5534 9400 2093 7790 4874 8632 963 4430 357 8177 2526 3915 9896 152 1508 3022 3473 4708 2333 4681 3419 8756 4284 2249 828 
11 4470 969 3082 8039 2413 8824 8853 9098 503 407 766 
19 3774 8016 6359 9945 692 174 6162 8030 8360 909 8697 7094 640 9124 1517 5203 9332 1641 669 
25 5136 5802 7552 7949 1539 536 1302 7091 4012 3351 3323 4651 2947 7212 3085 4582 7099 3201 2798 8381 9197 4456 8442 4904 7239 
27 8516 4529 8439 4560 3967 8844 4727 8695 3061 9447 4278 4164 3406 9188 4397 1612 1034 1590 1389 5353 1673 9540 2024 6496 8751 2752 8230 
22 3501 2633 9077 3997 8312 9612 2081 4244 5882 1790 6129 5552 3538 2419 8549 3508 2826 2812 8452 6145 6233 8923 
27 9143 4033 6192 6856 8432 151 3602 8954 6137 1941 4512 2104 1781 2988 5132 9686 4521 7982 2535 8524 7411 6894 145 5822 2481 2007 3185 
15 3404 5627 8498 8916 2051 7433 7910 4774 6396 3423 5419 8043 7869 1982 4795 
12 2837 6446 4746 1237 878 6253 1501 67 5071 1074 7051 3492 
10 3553 1538 4330 2023 6264 3847 5314 2587 5372 6527 
21 5804 1690 9027 484 4360 531 4123 1498 7260 2232 7015 1416 4166 6082 8894 6204 8696 6781 9580 1092 6775 
22 1423 5350 851 8258 5133 3813 5016 5220 1165 3161 4613 7848 3438 880 508 71 3982 861 4009 3243 4000 4181 
22 4868 7730 96 2971 1707 4816 5824 1610 6006 3846 4026 917 7324 650 429 8491 2723 4611 6546 3448 8718 7371 
24 4385 7914 1342 4370 7608 8294 8992 7598 1789 930 7248 676 3421 319 2756 8593 7187 3502 3519 2192 3240 1205 3804 9849 
14 5181 8129 2341 11 6905 5963 2160 7581 5000 2396 1180 3273 26 638 
17 5532 7616 4001 5558 905 7856 7655 1072 4107 1742 5638 614 9659 3728 9253 8087 3792 
6 9740 6572 9050 8170 8928 7632 
12 5168 978 358 6001 1854 9021 9862 1611 197 7959 8707 6365 
22 634 7352 9110 3397 7573 5680 9236 4036 589 2124 4478 8930 6277 1260 1688 2956 106 7921 2004 6810 2995 8000 
15 3818 384 2041 884 4503 2462 5911 904 9602 2099 7258 5429 291 7136 8490 
19 9232 733 8403 1770 5969 1531 1578 5313 5999 116 1331 8056 3091 3268 8 3093 8966 1056 9329 
17 9572 515 3446 6727 8772 6686 4773 5843 6027 2842 4943 7991 1497 9007 4982 6445 1343 
24 5036 8415 8665 7599 8749 2611 5851 678 4920 9053 9208 2542 2984 3428 6763 4334 7549 5038 6429 3935 6224 349 323 437 
19 670 9872 9870 584 8402 2343 177 701 5183 2268 3521 2570 9607 2970 460 1280 1488 3595 4292 
27 8673 9748 5852 8963 7935 4400 7746 1182 3391 2903 8231 2380 2086 3127 754 789 6072 414 4083 8223 5126 3561 5956 960 9438 9308 2851 
26 1679 9244 7940 1243 6416 546 1179 4748 2565 5733 9435 4889 6880 1657 2045 2085 7330 2229 7439 8172 3896 7563 3318 8090 5685 5176 
26 1816 7998 3590 3467 903 2803 5383 4371 337 8034 7195 5511 2256 7907 7782 9565 1525 5484 8568 8598 7297 7748 9604 6867 2371 7673 
21 2766 4407 9728 8906 9163 9093 1979 8003 2416 9375 7461 7871 2265 8344 6195 3981 103 4769 5515 2197 5198 
26 4964 7130 5107 8466 3599 2510 989 118 3045 4234 1175 2852 6459 339 8725 4902 8252 9943 5898 7736 4357 6553 3670 2310 9558 2794 
20 5765 369 8584 5483 4263 8416 1714 2676 500 8857 3913 5427 1727 3088 9843 6950 8931 855 3719 6124 
16 7729 492 6712 286 3089 9506 2306 7060 8759 9699 3766 7639 4288 9389 7242 7405 
24 4634 972 1239 8852 9471 5430 467 2102 3933 7271 5297 9083 6309 37 4526 5660 7016 5102 9979 5986 9057 4991 3198 995 
17 2364 6776 3060 2859 8936 6282 5556 5228 1388 6056 8108 2473 5985 8162 1903 1418 1705 
16 330 6714 7887 8511 9822 3372 5807 7796 2075 9647 4089 1444 2800 1596 3086 2615 
18 7306 1977 9480 62 5310 3963 695 8721 1666 9904 7653 5336 7651 1505 1520 4849 8531 7147 
25 2567 6483 6431 6497 9368 1253 2769 9844 7815 9344 2483 6868 1196 490 4827 5114 3909 2435 5580 3529 652 8386 3518 6354 7168 
18 4933 1417 2932 4389 3979 1988 5984 3810 4597 2832 2808 2896 1787 1519 6929 9385 5755 5478 
19 6798 2991 9598 6704 368 6232 5088 9386 2690 3725 1405 9155 5932 9074 7369 885 6611 9431 4005 
6 5105 820 3784 5267 8912 9360 
12 6234 684 2420 6709 9571 288 7340 3515 3479 5007 3962 4557 
15 4144 1151 588 1554 8469 5004 8065 6561 2466 7972 9760 5625 4457 4504 6518 
16 2687 8287 8408 3008 647 8733 2058 2804 4919 4306 7743 7137 2183 6733 8596 7813 
24 5482 6957 7292 8661 9275 5278 7728 4722 253 7883 1241 591 875 6947 3118 8325 2506 7798 63 2915 9541 447 13 7437 
24 8812 5199 7703 2891 6488 8353 3764 7142 9662 7326 9524 5156 4472 9672 9310 9242 3194 8472 8986 6310 9936 1661 1341 2165 
13 6705 3852 2923 6077 4571 9919 4547 1556 6325 3937 3365 9723 5272 
26 1370 72 2404 3472 9742 8514 8004 4152 5186 3668 551 3187 3215 9856 7339 4386 9016 848 8579 5772 6998 6105 8997 8396 371 2411 
16 9788 1094 5590 1448 1236 4304 468 8164 9445 1780 9353 6886 7945 2678 8553 722 
8 6486 4280 9352 7505 8544 8730 9655 4793 
7 2430 6180 5993 6531 620 3219 8727 
29 7634 9315 9777 4155 3353 1071 8362 6346 7805 9073 4073 2950 7547 9009 1649 6838 6866 6142 5528 9964 3806 6891 5671 9961 8398 4402 8282 9940 8377 
23 4235 2434 1571 6240 3948 798 9029 2328 1960 4025 94 2071 1821 1229 9713 2863 9414 5781 139 6968 6568 1347 5825 
16 895 7275 1167 803 9085 3363 1016 5396 6178 3824 4052 2372 2267 1164 7261 8269 
23 388 5139 2700 7159 2478 6408 2619 725 8125 6835 8513 5608 5155 9982 9108 8794 5026 5326 654 5560 7151 8336 6300 
21 1265 4187 1171 7745 7902 9584 9381 1924 4853 335 7200 5761 2044 5028 9848 3552 5135 5329 6508 8117 218 
26 9592 5529 4211 2403 5330 8746 4453 449 1308 1819 9534 6861 882 1934 9230 7866 3895 3166 2699 4176 9468 3854 5170 6489 5812 8113 
18 1344 3152 3594 2574 5830 1317 1108 4881 8318 2489 1762 6599 7096 436 7642 5832 395 2968 
16 7265 4417 2471 5624 6549 7046 7942 3178 9825 6117 6525 4997 360 2349 1760 9454 
21 1188 7076 3389 6114 3761 3297 7939 8067 9245 7695 9951 6660 809 2549 4381 9588 3587 6443 5096 2593 2491 
28 3823 5019 8052 4436 179 8288 6276 2716 8037 9758 6040 5196 7895 6372 7961 6472 4202 4809 2500 564 721 236 9597 192 9560 327 5964 6433 
32 4576 2365 7827 2889 6854 2532 8752 2485 5428 9688 4831 7299 6774 6313 2607 8032 4131 1197 8635 6091 7963 6275 2621 8500 491 4513 2701 8404 5024 5364 7723 3517 
23 9730 9491 6790 3320 8031 9285 952 5081 2014 2759 4340 9553 7893 6071 4975 1124 7240 6436 3882 5752 5741 6065 6348 
22 5863 2168 7308 4559 4168 8899 7488 6823 87 5053 2674 6646 486 5337 8875 8924 2440 6183 5813 3256 8541 6148 
17 8476 8975 8026 9036 5572 6516 1806 4604 7421 1608 5795 3241 1669 6653 2027 8322 4580 
25 7033 3018 4030 3634 5129 1916 6906 6937 2459 1915 9855 6454 6449 9841 9708 5785 6628 919 7675 8904 8483 6035 5867 8839 3284 
25 7947 3056 3955 153 5518 6530 3155 6286 6109 577 3034 5066 7944 6688 9618 9064 6374 3628 7269 5247 8626 3520 1127 6748 4049 
24 5641 5420 2906 1029 9780 4616 14 345 2266 6949 113 3258 6926 2849 8525 5732 1283 9528 2067 333 7332 778 8132 6212 
7 5747 4114 1975 4818 5217 4201 5059 
15 4950 3509 9500 5965 3207 42 7106 5191 9812 6386 8041 9063 9494 8704 4599 
21 7492 6812 2095 340 2242 6590 8983 7128 8771 1289 4524 2496 9603 7925 4715 1964 33 99 7486 1231 1022 
21 3759 4313 6287 1973 7664 4514 135 7063 5153 9302 7919 4169 1836 5357 7892 1279 1683 7604 3671 9638 2618 
9 8604 9803 3814 999 5564 6106 1899 2866 4778 
17 9995 7773 1125 5488 4382 4391 9903 6397 7055 7592 7646 5290 3226 2437 6005 4337 5775 
17 2739 3822 8805 3996 539 8436 4175 6834 3964 9006 844 4998 8920 4261 3837 3956 4446 
19 8140 1753 5823 7854 3300 2446 5321 3013 4949 4974 5577 7765 6986 2734 8859 9210 1147 9119 3713 
23 8911 77 2911 1632 777 9017 9260 9741 2392 2290 7706 8935 9908 2388 1358 6341 2588 604 7841 1303 1390 3903 5244 
15 5104 1373 8355 8014 4483 6495 581 1893 4464 6256 3957 8647 2864 4339 9250 
11 964 9359 1631 8393 2726 351 8533 5640 7672 7819 8047 
18 2199 4413 2344 6510 6846 2087 2951 6343 1070 5422 7213 8347 1219 1214 2193 9814 3702 4996 
13 3832 1782 5578 4290 8836 3306 4632 1099 5905 3744 7432 6595 2185 
27 988 793 1028 727 8657 8427 213 4589 8732 2517 7124 4179 6347 3706 6501 7447 9428 9231 427 123 574 6651 7216 2046 8658 424 9178 
17 440 1545 4791 3906 9258 3548 2672 5283 9455 8317 7652 5277 3460 5115 9793 3162 8433 
